c:\users\jpbel\documents\github\clusterblock\clusterblockwin\mcclone\debug\vc142.pdb
c:\users\jpbel\documents\github\clusterblock\clusterblockwin\mcclone\debug\vc142.idb
c:\users\jpbel\documents\github\clusterblock\clusterblockwin\mcclone\debug\vertexbuffer.obj
c:\users\jpbel\documents\github\clusterblock\clusterblockwin\mcclone\debug\transformation.obj
c:\users\jpbel\documents\github\clusterblock\clusterblockwin\mcclone\debug\tool.obj
c:\users\jpbel\documents\github\clusterblock\clusterblockwin\mcclone\debug\textureatlas.obj
c:\users\jpbel\documents\github\clusterblock\clusterblockwin\mcclone\debug\texture.obj
c:\users\jpbel\documents\github\clusterblock\clusterblockwin\mcclone\debug\shader.obj
c:\users\jpbel\documents\github\clusterblock\clusterblockwin\mcclone\debug\playerdata.obj
c:\users\jpbel\documents\github\clusterblock\clusterblockwin\mcclone\debug\player.obj
c:\users\jpbel\documents\github\clusterblock\clusterblockwin\mcclone\debug\perlin.obj
c:\users\jpbel\documents\github\clusterblock\clusterblockwin\mcclone\debug\openglcontext.obj
c:\users\jpbel\documents\github\clusterblock\clusterblockwin\mcclone\debug\networking.obj
c:\users\jpbel\documents\github\clusterblock\clusterblockwin\mcclone\debug\main.obj
c:\users\jpbel\documents\github\clusterblock\clusterblockwin\mcclone\debug\engine.obj
c:\users\jpbel\documents\github\clusterblock\clusterblockwin\mcclone\debug\chunk.obj
c:\users\jpbel\documents\github\clusterblock\clusterblockwin\mcclone\debug\blockinfo.obj
c:\users\jpbel\documents\github\clusterblock\clusterblockwin\debug\clusterblock.exe
c:\users\jpbel\documents\github\clusterblock\clusterblockwin\mcclone\debug\clusterblock.ilk
c:\users\jpbel\documents\github\clusterblock\clusterblockwin\debug\clusterblock.pdb
c:\users\jpbel\documents\github\clusterblock\clusterblockwin\mcclone\debug\clusterblock.tlog\cl.command.1.tlog
c:\users\jpbel\documents\github\clusterblock\clusterblockwin\mcclone\debug\clusterblock.tlog\cl.read.1.tlog
c:\users\jpbel\documents\github\clusterblock\clusterblockwin\mcclone\debug\clusterblock.tlog\cl.write.1.tlog
c:\users\jpbel\documents\github\clusterblock\clusterblockwin\mcclone\debug\clusterblock.tlog\link.command.1.tlog
c:\users\jpbel\documents\github\clusterblock\clusterblockwin\mcclone\debug\clusterblock.tlog\link.read.1.tlog
c:\users\jpbel\documents\github\clusterblock\clusterblockwin\mcclone\debug\clusterblock.tlog\link.write.1.tlog
